<?xml version="1.0" encoding="UTF-8"?>
<!-- Generated by org.testng.reporters.JUnitReportReporter -->
<testsuite hostname="DESKTOP-TJ4QKAG" failures="0" tests="1" name="MaxFahions.TestScript" time="32.308" errors="0" timestamp="2023-12-18T11:32:42 IST" skipped="0">
  <testcase classname="MaxFahions.TestScript" name="search" time="32.308"/>
  <system-out/>
</testsuite> <!-- MaxFahions.TestScript -->
